<?xml version="1.0" encoding="UTF-8"?>
<!-- Generated by org.testng.reporters.JUnitXMLReporter -->
<testsuite ignored="12" hostname="FPE-LAP-254" failures="0" tests="3" name="Default test" time="0.048" errors="0" timestamp="2024-11-21T13:37:41 IST">
  <testcase classname="generics.BaseTest" name="@BeforeClass openBrowser" time="-1.732176461881E9">
    <failure type="org.testng.TestNGException" message="
Parameter &amp;apos;sBrowser&amp;apos; is required by BeforeClass on method openBrowser but has not been marked @Optional or defined
in C:\Users\SunitaGautam\AppData\Local\Temp\testng-eclipse-1856422847\testng-customsuite.xml">
      <![CDATA[org.testng.TestNGException: 
Parameter 'sBrowser' is required by BeforeClass on method openBrowser but has not been marked @Optional or defined
in C:\Users\SunitaGautam\AppData\Local\Temp\testng-eclipse-1856422847\testng-customsuite.xml
at org.testng.internal.Parameters.createParams(Parameters.java:270)
at org.testng.internal.Parameters.createParametersForMethod(Parameters.java:358)
at org.testng.internal.Parameters.createParameters(Parameters.java:700)
at org.testng.internal.Parameters.createConfigurationParameters(Parameters.java:168)
at org.testng.internal.ConfigInvoker.invokeConfigurations(ConfigInvoker.java:302)
at org.testng.internal.TestMethodWorker.invokeBeforeClassMethods(TestMethodWorker.java:176)
at org.testng.internal.TestMethodWorker.run(TestMethodWorker.java:122)
at java.base/java.util.ArrayList.forEach(ArrayList.java:1596)
at org.testng.TestRunner.privateRun(TestRunner.java:794)
at org.testng.TestRunner.run(TestRunner.java:596)
at org.testng.SuiteRunner.runTest(SuiteRunner.java:377)
at org.testng.SuiteRunner.runSequentially(SuiteRunner.java:371)
at org.testng.SuiteRunner.privateRun(SuiteRunner.java:332)
at org.testng.SuiteRunner.run(SuiteRunner.java:276)
at org.testng.SuiteRunnerWorker.runSuite(SuiteRunnerWorker.java:53)
at org.testng.SuiteRunnerWorker.run(SuiteRunnerWorker.java:96)
at org.testng.TestNG.runSuitesSequentially(TestNG.java:1212)
at org.testng.TestNG.runSuitesLocally(TestNG.java:1134)
at org.testng.TestNG.runSuites(TestNG.java:1063)
at org.testng.TestNG.run(TestNG.java:1031)
at org.testng.remote.AbstractRemoteTestNG.run(AbstractRemoteTestNG.java:115)
at org.testng.remote.RemoteTestNG.initAndRun(RemoteTestNG.java:293)
at org.testng.remote.RemoteTestNG.main(RemoteTestNG.java:91)
]]>
    </failure>
  </testcase> <!-- @BeforeClass openBrowser -->
  <testcase classname="generics.BaseTest" name="@BeforeMethod openApplication" time="-1.732176461896E9">
    <skipped/>
  </testcase> <!-- @BeforeMethod openApplication -->
  <testcase classname="financialModuleTestScripts.OneTimeChargesPageTestScripts" name="@BeforeMethod Login_OpenOneTimeChargePage" time="-1.732176461897E9">
    <skipped/>
  </testcase> <!-- @BeforeMethod Login_OpenOneTimeChargePage -->
  <testcase classname="generics.BaseTest" name="@AfterMethod closeBrowser" time="-1.732176461901E9">
    <skipped/>
  </testcase> <!-- @AfterMethod closeBrowser -->
  <testcase classname="generics.BaseTest" name="@BeforeMethod openApplication" time="-1.732176461904E9">
    <skipped/>
  </testcase> <!-- @BeforeMethod openApplication -->
  <testcase classname="financialModuleTestScripts.OneTimeChargesPageTestScripts" name="@BeforeMethod Login_OpenOneTimeChargePage" time="-1.732176461904E9">
    <skipped/>
  </testcase> <!-- @BeforeMethod Login_OpenOneTimeChargePage -->
  <testcase classname="generics.BaseTest" name="@AfterMethod closeBrowser" time="-1.732176461908E9">
    <skipped/>
  </testcase> <!-- @AfterMethod closeBrowser -->
  <testcase classname="generics.BaseTest" name="@BeforeMethod openApplication" time="-1.732176461908E9">
    <skipped/>
  </testcase> <!-- @BeforeMethod openApplication -->
  <testcase classname="financialModuleTestScripts.OneTimeChargesPageTestScripts" name="@BeforeMethod Login_OpenOneTimeChargePage" time="-1.732176461909E9">
    <skipped/>
  </testcase> <!-- @BeforeMethod Login_OpenOneTimeChargePage -->
  <testcase classname="generics.BaseTest" name="@AfterMethod closeBrowser" time="-1.732176461911E9">
    <skipped/>
  </testcase> <!-- @AfterMethod closeBrowser -->
  <testcase classname="generics.BaseTest" name="@AfterClass tearDown" time="-1.732176461913E9">
    <skipped/>
  </testcase> <!-- @AfterClass tearDown -->
  <testcase classname="financialModuleTestScripts.OneTimeChargesPageTestScripts" name="ChargeType_WelcomeKit" time="0.0">
    <skipped/>
  </testcase> <!-- ChargeType_WelcomeKit -->
  <testcase classname="financialModuleTestScripts.OneTimeChargesPageTestScripts" name="ChargeType_WecomeKit_withoutROS" time="0.0">
    <skipped/>
  </testcase> <!-- ChargeType_WecomeKit_withoutROS -->
  <testcase classname="financialModuleTestScripts.OneTimeChargesPageTestScripts" name="ChargeType_WelcomeKit_withROS" time="0.0">
    <skipped/>
  </testcase> <!-- ChargeType_WelcomeKit_withROS -->
  <testcase classname="financialModuleTestScripts.OneTimeChargesPageTestScripts" name="ChargeType_SchoolBag" time="0.0">
    <ignored/>
  </testcase> <!-- ChargeType_SchoolBag -->
  <testcase classname="financialModuleTestScripts.OneTimeChargesPageTestScripts" name="ChargeType_lateStay" time="0.0">
    <ignored/>
  </testcase> <!-- ChargeType_lateStay -->
  <testcase classname="financialModuleTestScripts.OneTimeChargesPageTestScripts" name="ChargeType_AnnualFee" time="0.0">
    <ignored/>
  </testcase> <!-- ChargeType_AnnualFee -->
  <testcase classname="financialModuleTestScripts.OneTimeChargesPageTestScripts" name="ChargeType_TuitionFee" time="0.0">
    <ignored/>
  </testcase> <!-- ChargeType_TuitionFee -->
  <testcase classname="financialModuleTestScripts.OneTimeChargesPageTestScripts" name="ChargeType_CourierCharge" time="0.0">
    <ignored/>
  </testcase> <!-- ChargeType_CourierCharge -->
  <testcase classname="financialModuleTestScripts.OneTimeChargesPageTestScripts" name="ChargeType_Apron" time="0.0">
    <ignored/>
  </testcase> <!-- ChargeType_Apron -->
  <testcase classname="financialModuleTestScripts.OneTimeChargesPageTestScripts" name="ChargeType_SecurityFee" time="0.0">
    <ignored/>
  </testcase> <!-- ChargeType_SecurityFee -->
  <testcase classname="financialModuleTestScripts.OneTimeChargesPageTestScripts" name="ChargeType_BookSet" time="0.0">
    <ignored/>
  </testcase> <!-- ChargeType_BookSet -->
  <testcase classname="financialModuleTestScripts.OneTimeChargesPageTestScripts" name="ChargeType_RegistrationFee" time="0.0">
    <ignored/>
  </testcase> <!-- ChargeType_RegistrationFee -->
  <testcase classname="financialModuleTestScripts.OneTimeChargesPageTestScripts" name="ChargeType_ExtendedDayCare" time="0.0">
    <ignored/>
  </testcase> <!-- ChargeType_ExtendedDayCare -->
  <testcase classname="financialModuleTestScripts.OneTimeChargesPageTestScripts" name="ChargeType_TransportFee" time="0.0">
    <ignored/>
  </testcase> <!-- ChargeType_TransportFee -->
  <testcase classname="financialModuleTestScripts.OneTimeChargesPageTestScripts" name="ChargeType_ReadOStick" time="0.0">
    <ignored/>
  </testcase> <!-- ChargeType_ReadOStick -->
</testsuite> <!-- Default test -->
