<?xml version="1.0" encoding="UTF-8"?>
<!-- Generated by org.testng.reporters.JUnitXMLReporter -->
<testsuite ignored="12" hostname="FPE-LAP-254" failures="0" tests="3" name="Test" time="48.175" errors="0" timestamp="2024-11-21T13:41:01 IST">
  <testcase classname="generics.BaseTest" name="@BeforeMethod openApplication" time="0.002">
    <failure type="org.openqa.selenium.NoSuchWindowException" message="no such window: target window already closed
from unknown error: web view not found
  (Session info: chrome=130.0.6723.117)
Build info: version: &amp;apos;4.20.0&amp;apos;, revision: &amp;apos;866c76ca80&amp;apos;
System info: os.name: &amp;apos;Windows 11&amp;apos;, os.arch: &amp;apos;amd64&amp;apos;, os.version: &amp;apos;10.0&amp;apos;, java.version: &amp;apos;21.0.3&amp;apos;
Driver info: org.openqa.selenium.chrome.ChromeDriver
Command: [285866cf0dd1d82c3c39cddff381f533, get {url=https://staging-franchise.footprintseducation.in/login}]
Capabilities {acceptInsecureCerts: false, browserName: chrome, browserVersion: 130.0.6723.117, chrome: {chromedriverVersion: 130.0.6723.116 (6ac35f94ae3..., userDataDir: C:\Users\SUNITA~1\AppData\L...}, fedcm:accounts: true, goog:chromeOptions: {debuggerAddress: localhost:59626}, networkConnectionEnabled: false, pageLoadStrategy: normal, platformName: windows, proxy: Proxy(), se:cdp: ws://localhost:59626/devtoo..., se:cdpVersion: 130.0.6723.117, setWindowRect: true, strictFileInteractability: false, timeouts: {implicit: 0, pageLoad: 300000, script: 30000}, unhandledPromptBehavior: dismiss and notify, webauthn:extension:credBlob: true, webauthn:extension:largeBlob: true, webauthn:extension:minPinLength: true, webauthn:extension:prf: true, webauthn:virtualAuthenticators: true}
Session ID: 285866cf0dd1d82c3c39cddff381f533">
      <![CDATA[org.openqa.selenium.NoSuchWindowException: no such window: target window already closed
from unknown error: web view not found
  (Session info: chrome=130.0.6723.117)
Build info: version: '4.20.0', revision: '866c76ca80'
System info: os.name: 'Windows 11', os.arch: 'amd64', os.version: '10.0', java.version: '21.0.3'
Driver info: org.openqa.selenium.chrome.ChromeDriver
Command: [285866cf0dd1d82c3c39cddff381f533, get {url=https://staging-franchise.footprintseducation.in/login}]
Capabilities {acceptInsecureCerts: false, browserName: chrome, browserVersion: 130.0.6723.117, chrome: {chromedriverVersion: 130.0.6723.116 (6ac35f94ae3..., userDataDir: C:\Users\SUNITA~1\AppData\L...}, fedcm:accounts: true, goog:chromeOptions: {debuggerAddress: localhost:59626}, networkConnectionEnabled: false, pageLoadStrategy: normal, platformName: windows, proxy: Proxy(), se:cdp: ws://localhost:59626/devtoo..., se:cdpVersion: 130.0.6723.117, setWindowRect: true, strictFileInteractability: false, timeouts: {implicit: 0, pageLoad: 300000, script: 30000}, unhandledPromptBehavior: dismiss and notify, webauthn:extension:credBlob: true, webauthn:extension:largeBlob: true, webauthn:extension:minPinLength: true, webauthn:extension:prf: true, webauthn:virtualAuthenticators: true}
Session ID: 285866cf0dd1d82c3c39cddff381f533
at org.openqa.selenium.remote.ErrorCodec.decode(ErrorCodec.java:167)
at org.openqa.selenium.remote.codec.w3c.W3CHttpResponseCodec.decode(W3CHttpResponseCodec.java:138)
at org.openqa.selenium.remote.codec.w3c.W3CHttpResponseCodec.decode(W3CHttpResponseCodec.java:50)
at org.openqa.selenium.remote.HttpCommandExecutor.execute(HttpCommandExecutor.java:190)
at org.openqa.selenium.remote.service.DriverCommandExecutor.invokeExecute(DriverCommandExecutor.java:216)
at org.openqa.selenium.remote.service.DriverCommandExecutor.execute(DriverCommandExecutor.java:174)
at org.openqa.selenium.remote.RemoteWebDriver.execute(RemoteWebDriver.java:518)
at org.openqa.selenium.remote.RemoteWebDriver.get(RemoteWebDriver.java:300)
at generics.BaseTest.openApplication(BaseTest.java:41)
at java.base/java.util.ArrayList.forEach(ArrayList.java:1596)
... Removed 32 stack frames]]>
    </failure>
  </testcase> <!-- @BeforeMethod openApplication -->
  <testcase classname="financialModuleTestScripts.OneTimeChargesPageTestScripts" name="@BeforeMethod Login_OpenOneTimeChargePage" time="-1.732176661597E9">
    <skipped/>
  </testcase> <!-- @BeforeMethod Login_OpenOneTimeChargePage -->
  <testcase classname="generics.BaseTest" name="@AfterMethod closeBrowser" time="-1.732176661601E9">
    <skipped/>
  </testcase> <!-- @AfterMethod closeBrowser -->
  <testcase classname="generics.BaseTest" name="@BeforeMethod openApplication" time="-1.732176661602E9">
    <skipped/>
  </testcase> <!-- @BeforeMethod openApplication -->
  <testcase classname="financialModuleTestScripts.OneTimeChargesPageTestScripts" name="@BeforeMethod Login_OpenOneTimeChargePage" time="-1.732176661602E9">
    <skipped/>
  </testcase> <!-- @BeforeMethod Login_OpenOneTimeChargePage -->
  <testcase classname="generics.BaseTest" name="@AfterMethod closeBrowser" time="-1.732176661605E9">
    <skipped/>
  </testcase> <!-- @AfterMethod closeBrowser -->
  <testcase classname="generics.BaseTest" name="@AfterClass tearDown" time="-1.732176661606E9">
    <skipped/>
  </testcase> <!-- @AfterClass tearDown -->
  <testcase classname="financialModuleTestScripts.OneTimeChargesPageTestScripts" name="ChargeType_WelcomeKit" time="42.952"/>
  <testcase classname="financialModuleTestScripts.OneTimeChargesPageTestScripts" name="ChargeType_WecomeKit_withoutROS" time="0.0">
    <skipped/>
  </testcase> <!-- ChargeType_WecomeKit_withoutROS -->
  <testcase classname="financialModuleTestScripts.OneTimeChargesPageTestScripts" name="ChargeType_WelcomeKit_withROS" time="0.0">
    <skipped/>
  </testcase> <!-- ChargeType_WelcomeKit_withROS -->
  <testcase classname="financialModuleTestScripts.OneTimeChargesPageTestScripts" name="ChargeType_SchoolBag" time="0.0">
    <ignored/>
  </testcase> <!-- ChargeType_SchoolBag -->
  <testcase classname="financialModuleTestScripts.OneTimeChargesPageTestScripts" name="ChargeType_lateStay" time="0.0">
    <ignored/>
  </testcase> <!-- ChargeType_lateStay -->
  <testcase classname="financialModuleTestScripts.OneTimeChargesPageTestScripts" name="ChargeType_AnnualFee" time="0.0">
    <ignored/>
  </testcase> <!-- ChargeType_AnnualFee -->
  <testcase classname="financialModuleTestScripts.OneTimeChargesPageTestScripts" name="ChargeType_TuitionFee" time="0.0">
    <ignored/>
  </testcase> <!-- ChargeType_TuitionFee -->
  <testcase classname="financialModuleTestScripts.OneTimeChargesPageTestScripts" name="ChargeType_CourierCharge" time="0.0">
    <ignored/>
  </testcase> <!-- ChargeType_CourierCharge -->
  <testcase classname="financialModuleTestScripts.OneTimeChargesPageTestScripts" name="ChargeType_Apron" time="0.0">
    <ignored/>
  </testcase> <!-- ChargeType_Apron -->
  <testcase classname="financialModuleTestScripts.OneTimeChargesPageTestScripts" name="ChargeType_SecurityFee" time="0.0">
    <ignored/>
  </testcase> <!-- ChargeType_SecurityFee -->
  <testcase classname="financialModuleTestScripts.OneTimeChargesPageTestScripts" name="ChargeType_BookSet" time="0.0">
    <ignored/>
  </testcase> <!-- ChargeType_BookSet -->
  <testcase classname="financialModuleTestScripts.OneTimeChargesPageTestScripts" name="ChargeType_RegistrationFee" time="0.0">
    <ignored/>
  </testcase> <!-- ChargeType_RegistrationFee -->
  <testcase classname="financialModuleTestScripts.OneTimeChargesPageTestScripts" name="ChargeType_ExtendedDayCare" time="0.0">
    <ignored/>
  </testcase> <!-- ChargeType_ExtendedDayCare -->
  <testcase classname="financialModuleTestScripts.OneTimeChargesPageTestScripts" name="ChargeType_TransportFee" time="0.0">
    <ignored/>
  </testcase> <!-- ChargeType_TransportFee -->
  <testcase classname="financialModuleTestScripts.OneTimeChargesPageTestScripts" name="ChargeType_ReadOStick" time="0.0">
    <ignored/>
  </testcase> <!-- ChargeType_ReadOStick -->
</testsuite> <!-- Test -->
