<?xml version="1.0" encoding="UTF-8"?>
<!-- Generated by org.testng.reporters.JUnitReportReporter -->
<testsuite hostname="FPE-LAP-254" failures="0" tests="22" name="HardwareModuleTestScripts.ManageVendorPageTestScrips" time="53.559" errors="1" timestamp="2024-12-24T09:57:27 IST" skipped="20">
  <testcase classname="HardwareModuleTestScripts.ManageVendorPageTestScrips" name="openApplication" time="9.230">
    <error message="no such window: target window already closed
from unknown error: web view not found
  (Session info: chrome=131.0.6778.205)
Build info: version: &#039;4.20.0&#039;, revision: &#039;866c76ca80&#039;
System info: os.name: &#039;Windows 11&#039;, os.arch: &#039;amd64&#039;, os.version: &#039;10.0&#039;, java.version: &#039;21.0.3&#039;
Driver info: org.openqa.selenium.chrome.ChromeDriver
Command: [b369d546c9e8cd7d4fcbbdf983c77465, get {url=https://staging-franchise.footprintseducation.in/login}]
Capabilities {acceptInsecureCerts: false, browserName: chrome, browserVersion: 131.0.6778.205, chrome: {chromedriverVersion: 131.0.6778.204 (52183f9e99a..., userDataDir: C:\Users\SUNITA~1\AppData\L...}, fedcm:accounts: true, goog:chromeOptions: {debuggerAddress: localhost:64433}, networkConnectionEnabled: false, pageLoadStrategy: normal, platformName: windows, proxy: Proxy(), se:cdp: ws://localhost:64433/devtoo..., se:cdpVersion: 131.0.6778.205, setWindowRect: true, strictFileInteractability: false, timeouts: {implicit: 0, pageLoad: 300000, script: 30000}, unhandledPromptBehavior: dismiss and notify, webauthn:extension:credBlob: true, webauthn:extension:largeBlob: true, webauthn:extension:minPinLength: true, webauthn:extension:prf: true, webauthn:virtualAuthenticators: true}
Session ID: b369d546c9e8cd7d4fcbbdf983c77465" type="org.openqa.selenium.NoSuchWindowException">
      <![CDATA[org.openqa.selenium.NoSuchWindowException: no such window: target window already closed
from unknown error: web view not found
  (Session info: chrome=131.0.6778.205)
Build info: version: '4.20.0', revision: '866c76ca80'
System info: os.name: 'Windows 11', os.arch: 'amd64', os.version: '10.0', java.version: '21.0.3'
Driver info: org.openqa.selenium.chrome.ChromeDriver
Command: [b369d546c9e8cd7d4fcbbdf983c77465, get {url=https://staging-franchise.footprintseducation.in/login}]
Capabilities {acceptInsecureCerts: false, browserName: chrome, browserVersion: 131.0.6778.205, chrome: {chromedriverVersion: 131.0.6778.204 (52183f9e99a..., userDataDir: C:\Users\SUNITA~1\AppData\L...}, fedcm:accounts: true, goog:chromeOptions: {debuggerAddress: localhost:64433}, networkConnectionEnabled: false, pageLoadStrategy: normal, platformName: windows, proxy: Proxy(), se:cdp: ws://localhost:64433/devtoo..., se:cdpVersion: 131.0.6778.205, setWindowRect: true, strictFileInteractability: false, timeouts: {implicit: 0, pageLoad: 300000, script: 30000}, unhandledPromptBehavior: dismiss and notify, webauthn:extension:credBlob: true, webauthn:extension:largeBlob: true, webauthn:extension:minPinLength: true, webauthn:extension:prf: true, webauthn:virtualAuthenticators: true}
Session ID: b369d546c9e8cd7d4fcbbdf983c77465
at java.base/jdk.internal.reflect.DirectConstructorHandleAccessor.newInstance(DirectConstructorHandleAccessor.java:62)
at java.base/java.lang.reflect.Constructor.newInstanceWithCaller(Constructor.java:502)
at java.base/java.lang.reflect.Constructor.newInstance(Constructor.java:486)
at org.openqa.selenium.remote.ErrorCodec.decode(ErrorCodec.java:167)
at org.openqa.selenium.remote.codec.w3c.W3CHttpResponseCodec.decode(W3CHttpResponseCodec.java:138)
at org.openqa.selenium.remote.codec.w3c.W3CHttpResponseCodec.decode(W3CHttpResponseCodec.java:50)
at org.openqa.selenium.remote.HttpCommandExecutor.execute(HttpCommandExecutor.java:190)
at org.openqa.selenium.remote.service.DriverCommandExecutor.invokeExecute(DriverCommandExecutor.java:216)
at org.openqa.selenium.remote.service.DriverCommandExecutor.execute(DriverCommandExecutor.java:174)
at org.openqa.selenium.remote.RemoteWebDriver.execute(RemoteWebDriver.java:518)
at org.openqa.selenium.remote.RemoteWebDriver.get(RemoteWebDriver.java:300)
at generics.BaseTest.openApplication(BaseTest.java:42)
at java.base/jdk.internal.reflect.DirectMethodHandleAccessor.invoke(DirectMethodHandleAccessor.java:103)
at java.base/java.lang.reflect.Method.invoke(Method.java:580)
at org.testng.internal.MethodInvocationHelper.invokeMethod(MethodInvocationHelper.java:133)
at org.testng.internal.MethodInvocationHelper.invokeMethodConsideringTimeout(MethodInvocationHelper.java:62)
at org.testng.internal.ConfigInvoker.invokeConfigurationMethod(ConfigInvoker.java:385)
at org.testng.internal.ConfigInvoker.invokeConfigurations(ConfigInvoker.java:321)
at org.testng.internal.TestInvoker.runConfigMethods(TestInvoker.java:700)
at org.testng.internal.TestInvoker.invokeMethod(TestInvoker.java:527)
at org.testng.internal.TestInvoker.invokeTestMethod(TestInvoker.java:173)
at org.testng.internal.MethodRunner.runInSequence(MethodRunner.java:46)
at org.testng.internal.TestInvoker$MethodInvocationAgent.invoke(TestInvoker.java:824)
at org.testng.internal.TestInvoker.invokeTestMethods(TestInvoker.java:146)
at org.testng.internal.TestMethodWorker.invokeTestMethods(TestMethodWorker.java:146)
at org.testng.internal.TestMethodWorker.run(TestMethodWorker.java:128)
at java.base/java.util.ArrayList.forEach(ArrayList.java:1596)
at org.testng.TestRunner.privateRun(TestRunner.java:794)
at org.testng.TestRunner.run(TestRunner.java:596)
at org.testng.SuiteRunner.runTest(SuiteRunner.java:377)
at org.testng.SuiteRunner.runSequentially(SuiteRunner.java:371)
at org.testng.SuiteRunner.privateRun(SuiteRunner.java:332)
at org.testng.SuiteRunner.run(SuiteRunner.java:276)
at org.testng.SuiteRunnerWorker.runSuite(SuiteRunnerWorker.java:53)
at org.testng.SuiteRunnerWorker.run(SuiteRunnerWorker.java:96)
at org.testng.TestNG.runSuitesSequentially(TestNG.java:1212)
at org.testng.TestNG.runSuitesLocally(TestNG.java:1134)
at org.testng.TestNG.runSuites(TestNG.java:1063)
at org.testng.TestNG.run(TestNG.java:1031)
at org.testng.remote.AbstractRemoteTestNG.run(AbstractRemoteTestNG.java:115)
at org.testng.remote.RemoteTestNG.initAndRun(RemoteTestNG.java:293)
at org.testng.remote.RemoteTestNG.main(RemoteTestNG.java:91)
]]>
    </error>
  </testcase> <!-- openApplication -->
  <system-out/>
  <testcase classname="HardwareModuleTestScripts.ManageVendorPageTestScrips" name="AddVendor_EmailFormat_SC_001_TC_009" time="44.329"/>
  <system-out/>
  <testcase classname="HardwareModuleTestScripts.ManageVendorPageTestScrips" name="AddVendor_EmailDuplicacy_SC_001_TC_009" time="0.000">
    <skipped/>
  </testcase> <!-- AddVendor_EmailDuplicacy_SC_001_TC_009 -->
  <system-out/>
  <testcase classname="HardwareModuleTestScripts.ManageVendorPageTestScrips" name="AddVendor_PANValidation_SC_001_TC_009" time="0.000">
    <skipped/>
  </testcase> <!-- AddVendor_PANValidation_SC_001_TC_009 -->
  <system-out/>
  <testcase classname="HardwareModuleTestScripts.ManageVendorPageTestScrips" name="EditVendor_SC_001_TC_010" time="0.000">
    <skipped/>
  </testcase> <!-- EditVendor_SC_001_TC_010 -->
  <system-out/>
  <testcase classname="HardwareModuleTestScripts.ManageVendorPageTestScrips" name="EditVendorMandatoryFields_SC_001_TC_010" time="0.000">
    <skipped/>
  </testcase> <!-- EditVendorMandatoryFields_SC_001_TC_010 -->
  <system-out/>
  <testcase classname="HardwareModuleTestScripts.ManageVendorPageTestScrips" name="EditVendorMobileFormat_SC_001_TC_010" time="0.000">
    <skipped/>
  </testcase> <!-- EditVendorMobileFormat_SC_001_TC_010 -->
  <system-out/>
  <testcase classname="HardwareModuleTestScripts.ManageVendorPageTestScrips" name="EditVendorMobileDuplicacy_SC_001_TC_010" time="0.000">
    <skipped/>
  </testcase> <!-- EditVendorMobileDuplicacy_SC_001_TC_010 -->
  <system-out/>
  <testcase classname="HardwareModuleTestScripts.ManageVendorPageTestScrips" name="EditVendorEmailFormat_SC_001_TC_010" time="0.000">
    <skipped/>
  </testcase> <!-- EditVendorEmailFormat_SC_001_TC_010 -->
  <system-out/>
  <testcase classname="HardwareModuleTestScripts.ManageVendorPageTestScrips" name="EditVendorEmailDuplicacy_SC_001_TC_010" time="0.000">
    <skipped/>
  </testcase> <!-- EditVendorEmailDuplicacy_SC_001_TC_010 -->
  <system-out/>
  <testcase classname="HardwareModuleTestScripts.ManageVendorPageTestScrips" name="EditVendorPAN_SC_001_TC_010" time="0.000">
    <skipped/>
  </testcase> <!-- EditVendorPAN_SC_001_TC_010 -->
  <system-out/>
  <testcase classname="HardwareModuleTestScripts.ManageVendorPageTestScrips" name="DownloadFileFunctionality_SC_001_TC_003">
    <skipped/>
  </testcase> <!-- DownloadFileFunctionality_SC_001_TC_003 -->
  <system-out/>
  <testcase classname="HardwareModuleTestScripts.ManageVendorPageTestScrips" name="AddVendor_MobileDuplicacy_SC_001_TC_009">
    <skipped/>
  </testcase> <!-- AddVendor_MobileDuplicacy_SC_001_TC_009 -->
  <system-out/>
  <testcase classname="HardwareModuleTestScripts.ManageVendorPageTestScrips" name="Pagination_SC_001_TC_004">
    <skipped/>
  </testcase> <!-- Pagination_SC_001_TC_004 -->
  <system-out/>
  <testcase classname="HardwareModuleTestScripts.ManageVendorPageTestScrips" name="AddVendor_MobilePhoneformatValidations_SC_001_TC_009">
    <skipped/>
  </testcase> <!-- AddVendor_MobilePhoneformatValidations_SC_001_TC_009 -->
  <system-out/>
  <testcase classname="HardwareModuleTestScripts.ManageVendorPageTestScrips" name="DisplayTableData_SC_001_TC_001">
    <skipped/>
  </testcase> <!-- DisplayTableData_SC_001_TC_001 -->
  <system-out/>
  <testcase classname="HardwareModuleTestScripts.ManageVendorPageTestScrips" name="AddVendor_SC_001_TC_008">
    <skipped/>
  </testcase> <!-- AddVendor_SC_001_TC_008 -->
  <system-out/>
  <testcase classname="HardwareModuleTestScripts.ManageVendorPageTestScrips" name="AddVendor_MandatoryValidations_SC_001_TC_009">
    <skipped/>
  </testcase> <!-- AddVendor_MandatoryValidations_SC_001_TC_009 -->
  <system-out/>
  <testcase classname="HardwareModuleTestScripts.ManageVendorPageTestScrips" name="Action_Inactive_SC_001_TC_006">
    <skipped/>
  </testcase> <!-- Action_Inactive_SC_001_TC_006 -->
  <system-out/>
  <testcase classname="HardwareModuleTestScripts.ManageVendorPageTestScrips" name="Action_Active_SC_001_TC_006">
    <skipped/>
  </testcase> <!-- Action_Active_SC_001_TC_006 -->
  <system-out/>
  <testcase classname="HardwareModuleTestScripts.ManageVendorPageTestScrips" name="SearchFunctionality_SC_001_TC_002">
    <skipped/>
  </testcase> <!-- SearchFunctionality_SC_001_TC_002 -->
  <system-out/>
  <testcase classname="HardwareModuleTestScripts.ManageVendorPageTestScrips" name="Soritng_SC_001_TC_005">
    <skipped/>
  </testcase> <!-- Soritng_SC_001_TC_005 -->
  <system-out/>
</testsuite> <!-- HardwareModuleTestScripts.ManageVendorPageTestScrips -->
